<?xml version="1.0" encoding="UTF-8"?>
<coverage generated="1739436073855" clover="3.2.0">
  <project timestamp="1739436073855" name="All files">
    <metrics statements="29" coveredstatements="26" conditionals="21" coveredconditionals="19" methods="7" coveredmethods="6" elements="57" coveredelements="51" complexity="0" loc="29" ncloc="29" packages="1" files="4" classes="4"/>
    <file name="login.js" path="C:\Users\KavyaBommana\OneDrive - Planet Equity Group\Documents\JEST\js\login.js">
      <metrics statements="5" coveredstatements="5" conditionals="4" coveredconditionals="4" methods="1" coveredmethods="1"/>
      <line num="1" count="1" type="stmt"/>
      <line num="8" count="8" type="cond" truecount="4" falsecount="0"/>
      <line num="9" count="2" type="stmt"/>
      <line num="11" count="6" type="stmt"/>
      <line num="15" count="1" type="stmt"/>
    </file>
    <file name="member.js" path="C:\Users\KavyaBommana\OneDrive - Planet Equity Group\Documents\JEST\js\member.js">
      <metrics statements="20" coveredstatements="18" conditionals="17" coveredconditionals="15" methods="4" coveredmethods="4"/>
      <line num="1" count="1" type="stmt"/>
      <line num="5" count="3" type="cond" truecount="4" falsecount="1"/>
      <line num="6" count="0" type="stmt"/>
      <line num="9" count="3" type="stmt"/>
      <line num="10" count="3" type="stmt"/>
      <line num="11" count="3" type="stmt"/>
      <line num="16" count="11" type="stmt"/>
      <line num="21" count="2" type="cond" truecount="3" falsecount="1"/>
      <line num="22" count="0" type="stmt"/>
      <line num="24" count="2" type="stmt"/>
      <line num="25" count="2" type="stmt"/>
      <line num="30" count="5" type="cond" truecount="4" falsecount="0"/>
      <line num="31" count="1" type="stmt"/>
      <line num="33" count="4" type="cond" truecount="4" falsecount="0"/>
      <line num="34" count="2" type="stmt"/>
      <line num="37" count="2" type="stmt"/>
      <line num="38" count="2" type="stmt"/>
      <line num="39" count="2" type="stmt"/>
      <line num="40" count="2" type="stmt"/>
      <line num="43" count="1" type="stmt"/>
    </file>
    <file name="sum.js" path="C:\Users\KavyaBommana\OneDrive - Planet Equity Group\Documents\JEST\js\sum.js">
      <metrics statements="2" coveredstatements="2" conditionals="0" coveredconditionals="0" methods="1" coveredmethods="1"/>
      <line num="2" count="1" type="stmt"/>
      <line num="4" count="1" type="stmt"/>
    </file>
    <file name="testapi.js" path="C:\Users\KavyaBommana\OneDrive - Planet Equity Group\Documents\JEST\js\testapi.js">
      <metrics statements="2" coveredstatements="1" conditionals="0" coveredconditionals="0" methods="1" coveredmethods="0"/>
      <line num="3" count="0" type="stmt"/>
      <line num="5" count="1" type="stmt"/>
    </file>
  </project>
</coverage>
