{"C:\\Users\\KavyaBommana\\OneDrive - Planet Equity Group\\Documents\\JEST\\js\\login.js": {"path":"C:\\Users\\KavyaBommana\\OneDrive - Planet Equity Group\\Documents\\JEST\\js\\login.js","statementMap":{"0":{"start":{"line":1,"column":14},"end":{"line":4,"column":1}},"1":{"start":{"line":8,"column":4},"end":{"line":12,"column":5}},"2":{"start":{"line":9,"column":8},"end":{"line":9,"column":34}},"3":{"start":{"line":11,"column":8},"end":{"line":11,"column":46}},"4":{"start":{"line":15,"column":0},"end":{"line":15,"column":27}}},"fnMap":{"0":{"name":"login","decl":{"start":{"line":7,"column":9},"end":{"line":7,"column":14}},"loc":{"start":{"line":7,"column":35},"end":{"line":13,"column":1}},"line":7}},"branchMap":{"0":{"loc":{"start":{"line":8,"column":4},"end":{"line":12,"column":5}},"type":"if","locations":[{"start":{"line":8,"column":4},"end":{"line":12,"column":5}},{"start":{"line":10,"column":11},"end":{"line":12,"column":5}}],"line":8},"1":{"loc":{"start":{"line":8,"column":8},"end":{"line":8,"column":55}},"type":"binary-expr","locations":[{"start":{"line":8,"column":8},"end":{"line":8,"column":23}},{"start":{"line":8,"column":27},"end":{"line":8,"column":55}}],"line":8}},"s":{"0":1,"1":8,"2":2,"3":6,"4":1},"f":{"0":8},"b":{"0":[2,6],"1":[8,5]},"_coverageSchema":"1a1c01bbd47fc00a2c39e90264f33305004495a9","hash":"c96a11ba537ace6739a7e05b8d327bd4727e1394"}
,"C:\\Users\\KavyaBommana\\OneDrive - Planet Equity Group\\Documents\\JEST\\js\\member.js": {"path":"C:\\Users\\KavyaBommana\\OneDrive - Planet Equity Group\\Documents\\JEST\\js\\member.js","statementMap":{"0":{"start":{"line":1,"column":14},"end":{"line":1,"column":16}},"1":{"start":{"line":5,"column":4},"end":{"line":7,"column":5}},"2":{"start":{"line":6,"column":8},"end":{"line":6,"column":40}},"3":{"start":{"line":9,"column":17},"end":{"line":9,"column":38}},"4":{"start":{"line":10,"column":4},"end":{"line":10,"column":25}},"5":{"start":{"line":11,"column":4},"end":{"line":11,"column":39}},"6":{"start":{"line":16,"column":4},"end":{"line":16,"column":19}},"7":{"start":{"line":21,"column":4},"end":{"line":23,"column":5}},"8":{"start":{"line":22,"column":8},"end":{"line":22,"column":31}},"9":{"start":{"line":24,"column":4},"end":{"line":24,"column":29}},"10":{"start":{"line":25,"column":4},"end":{"line":25,"column":28}},"11":{"start":{"line":30,"column":4},"end":{"line":32,"column":5}},"12":{"start":{"line":31,"column":8},"end":{"line":31,"column":31}},"13":{"start":{"line":33,"column":4},"end":{"line":35,"column":5}},"14":{"start":{"line":34,"column":8},"end":{"line":34,"column":48}},"15":{"start":{"line":37,"column":4},"end":{"line":37,"column":34}},"16":{"start":{"line":38,"column":4},"end":{"line":38,"column":36}},"17":{"start":{"line":39,"column":4},"end":{"line":39,"column":34}},"18":{"start":{"line":40,"column":4},"end":{"line":40,"column":41}},"19":{"start":{"line":43,"column":0},"end":{"line":43,"column":69}}},"fnMap":{"0":{"name":"addMember","decl":{"start":{"line":4,"column":9},"end":{"line":4,"column":18}},"loc":{"start":{"line":4,"column":48},"end":{"line":12,"column":1}},"line":4},"1":{"name":"getMembers","decl":{"start":{"line":15,"column":9},"end":{"line":15,"column":19}},"loc":{"start":{"line":15,"column":22},"end":{"line":17,"column":1}},"line":15},"2":{"name":"deleteMember","decl":{"start":{"line":20,"column":9},"end":{"line":20,"column":21}},"loc":{"start":{"line":20,"column":29},"end":{"line":26,"column":1}},"line":20},"3":{"name":"editMember","decl":{"start":{"line":29,"column":9},"end":{"line":29,"column":19}},"loc":{"start":{"line":29,"column":55},"end":{"line":41,"column":1}},"line":29}},"branchMap":{"0":{"loc":{"start":{"line":5,"column":4},"end":{"line":7,"column":5}},"type":"if","locations":[{"start":{"line":5,"column":4},"end":{"line":7,"column":5}},{"start":{},"end":{}}],"line":5},"1":{"loc":{"start":{"line":5,"column":8},"end":{"line":5,"column":36}},"type":"binary-expr","locations":[{"start":{"line":5,"column":8},"end":{"line":5,"column":13}},{"start":{"line":5,"column":17},"end":{"line":5,"column":23}},{"start":{"line":5,"column":27},"end":{"line":5,"column":36}}],"line":5},"2":{"loc":{"start":{"line":21,"column":4},"end":{"line":23,"column":5}},"type":"if","locations":[{"start":{"line":21,"column":4},"end":{"line":23,"column":5}},{"start":{},"end":{}}],"line":21},"3":{"loc":{"start":{"line":21,"column":8},"end":{"line":21,"column":44}},"type":"binary-expr","locations":[{"start":{"line":21,"column":8},"end":{"line":21,"column":17}},{"start":{"line":21,"column":21},"end":{"line":21,"column":44}}],"line":21},"4":{"loc":{"start":{"line":30,"column":4},"end":{"line":32,"column":5}},"type":"if","locations":[{"start":{"line":30,"column":4},"end":{"line":32,"column":5}},{"start":{},"end":{}}],"line":30},"5":{"loc":{"start":{"line":30,"column":8},"end":{"line":30,"column":44}},"type":"binary-expr","locations":[{"start":{"line":30,"column":8},"end":{"line":30,"column":17}},{"start":{"line":30,"column":21},"end":{"line":30,"column":44}}],"line":30},"6":{"loc":{"start":{"line":33,"column":4},"end":{"line":35,"column":5}},"type":"if","locations":[{"start":{"line":33,"column":4},"end":{"line":35,"column":5}},{"start":{},"end":{}}],"line":33},"7":{"loc":{"start":{"line":33,"column":8},"end":{"line":33,"column":29}},"type":"binary-expr","locations":[{"start":{"line":33,"column":8},"end":{"line":33,"column":16}},{"start":{"line":33,"column":20},"end":{"line":33,"column":29}}],"line":33}},"s":{"0":1,"1":3,"2":0,"3":3,"4":3,"5":3,"6":11,"7":2,"8":0,"9":2,"10":2,"11":5,"12":1,"13":4,"14":2,"15":2,"16":2,"17":2,"18":2,"19":1},"f":{"0":3,"1":11,"2":2,"3":5},"b":{"0":[0,3],"1":[3,3,3],"2":[0,2],"3":[2,2],"4":[1,4],"5":[5,5],"6":[2,2],"7":[4,3]},"_coverageSchema":"1a1c01bbd47fc00a2c39e90264f33305004495a9","hash":"f1c77c8062e1c7e101f1c87e4531697afeebd83b"}
,"C:\\Users\\KavyaBommana\\OneDrive - Planet Equity Group\\Documents\\JEST\\js\\sum.js": {"path":"C:\\Users\\KavyaBommana\\OneDrive - Planet Equity Group\\Documents\\JEST\\js\\sum.js","statementMap":{"0":{"start":{"line":2,"column":4},"end":{"line":2,"column":16}},"1":{"start":{"line":4,"column":0},"end":{"line":4,"column":20}}},"fnMap":{"0":{"name":"sum","decl":{"start":{"line":1,"column":9},"end":{"line":1,"column":12}},"loc":{"start":{"line":1,"column":17},"end":{"line":3,"column":1}},"line":1}},"branchMap":{},"s":{"0":1,"1":1},"f":{"0":1},"b":{},"_coverageSchema":"1a1c01bbd47fc00a2c39e90264f33305004495a9","hash":"8323bbb449dcbbb15bbec14a752e57d6a8b84f43"}
,"C:\\Users\\KavyaBommana\\OneDrive - Planet Equity Group\\Documents\\JEST\\js\\testapi.js": {"path":"C:\\Users\\KavyaBommana\\OneDrive - Planet Equity Group\\Documents\\JEST\\js\\testapi.js","statementMap":{"0":{"start":{"line":3,"column":4},"end":{"line":3,"column":32}},"1":{"start":{"line":5,"column":2},"end":{"line":5,"column":22}}},"fnMap":{"0":{"name":"API","decl":{"start":{"line":2,"column":9},"end":{"line":2,"column":12}},"loc":{"start":{"line":2,"column":15},"end":{"line":4,"column":3}},"line":2}},"branchMap":{},"s":{"0":0,"1":1},"f":{"0":0},"b":{},"_coverageSchema":"1a1c01bbd47fc00a2c39e90264f33305004495a9","hash":"ce1fe06a3ce23429db299621b6f20e3138dc3d06"}
}
