TN:
SF:login.js
FN:7,login
FNF:1
FNH:1
FNDA:8,login
DA:1,1
DA:8,8
DA:9,2
DA:11,6
DA:15,1
LF:5
LH:5
BRDA:8,0,0,2
BRDA:8,0,1,6
BRDA:8,1,0,8
BRDA:8,1,1,5
BRF:4
BRH:4
end_of_record
TN:
SF:member.js
FN:4,addMember
FN:15,getMembers
FN:20,deleteMember
FN:29,editMember
FNF:4
FNH:4
FNDA:3,addMember
FNDA:11,getMembers
FNDA:2,deleteMember
FNDA:5,editMember
DA:1,1
DA:5,3
DA:6,0
DA:9,3
DA:10,3
DA:11,3
DA:16,11
DA:21,2
DA:22,0
DA:24,2
DA:25,2
DA:30,5
DA:31,1
DA:33,4
DA:34,2
DA:37,2
DA:38,2
DA:39,2
DA:40,2
DA:43,1
LF:20
LH:18
BRDA:5,0,0,0
BRDA:5,0,1,3
BRDA:5,1,0,3
BRDA:5,1,1,3
BRDA:5,1,2,3
BRDA:21,2,0,0
BRDA:21,2,1,2
BRDA:21,3,0,2
BRDA:21,3,1,2
BRDA:30,4,0,1
BRDA:30,4,1,4
BRDA:30,5,0,5
BRDA:30,5,1,5
BRDA:33,6,0,2
BRDA:33,6,1,2
BRDA:33,7,0,4
BRDA:33,7,1,3
BRF:17
BRH:15
end_of_record
TN:
SF:sum.js
FN:1,sum
FNF:1
FNH:1
FNDA:1,sum
DA:2,1
DA:4,1
LF:2
LH:2
BRF:0
BRH:0
end_of_record
TN:
SF:testapi.js
FN:2,API
FNF:1
FNH:0
FNDA:0,API
DA:3,0
DA:5,1
LF:2
LH:1
BRF:0
BRH:0
end_of_record
